ERROR 2026-02-22 19:46:41,142 log Internal Server Error: /api/public/10/0
Traceback (most recent call last):
  File "/home/ubuntu/senior/myenv/lib/python3.13/site-packages/django/core/handlers/exception.py", line 55, in inner
    response = get_response(request)
  File "/home/ubuntu/senior/myenv/lib/python3.13/site-packages/django/core/handlers/base.py", line 198, in _get_response
    response = wrapped_callback(request, *callback_args, **callback_kwargs)
  File "/home/ubuntu/senior/myenv/lib/python3.13/site-packages/django/views/decorators/csrf.py", line 65, in _view_wrapper
    return view_func(request, *args, **kwargs)
  File "/home/ubuntu/senior/myenv/lib/python3.13/site-packages/rest_framework/viewsets.py", line 117, in view
    handler = getattr(self, action)
AttributeError: 'PublicServiceViewSet' object has no attribute 'limited_list'
ERROR 2026-02-22 19:46:41,145 log "GET /api/public/10/0 HTTP/1.1" 500 18204
ERROR 2026-02-22 19:46:41,150 log Internal Server Error: /api/public/10/0
Traceback (most recent call last):
  File "/home/ubuntu/senior/myenv/lib/python3.13/site-packages/django/core/handlers/exception.py", line 55, in inner
    response = get_response(request)
  File "/home/ubuntu/senior/myenv/lib/python3.13/site-packages/django/core/handlers/base.py", line 198, in _get_response
    response = wrapped_callback(request, *callback_args, **callback_kwargs)
  File "/home/ubuntu/senior/myenv/lib/python3.13/site-packages/django/views/decorators/csrf.py", line 65, in _view_wrapper
    return view_func(request, *args, **kwargs)
  File "/home/ubuntu/senior/myenv/lib/python3.13/site-packages/rest_framework/viewsets.py", line 117, in view
    handler = getattr(self, action)
AttributeError: 'PublicServiceViewSet' object has no attribute 'limited_list'
ERROR 2026-02-22 19:46:41,151 log "GET /api/public/10/0 HTTP/1.1" 500 18303
ERROR 2026-02-22 19:47:05,551 log Internal Server Error: /api/public/10/0
Traceback (most recent call last):
  File "/home/ubuntu/senior/myenv/lib/python3.13/site-packages/django/core/handlers/exception.py", line 55, in inner
    response = get_response(request)
  File "/home/ubuntu/senior/myenv/lib/python3.13/site-packages/django/core/handlers/base.py", line 198, in _get_response
    response = wrapped_callback(request, *callback_args, **callback_kwargs)
  File "/home/ubuntu/senior/myenv/lib/python3.13/site-packages/django/views/decorators/csrf.py", line 65, in _view_wrapper
    return view_func(request, *args, **kwargs)
  File "/home/ubuntu/senior/myenv/lib/python3.13/site-packages/rest_framework/viewsets.py", line 117, in view
    handler = getattr(self, action)
AttributeError: 'PublicServiceViewSet' object has no attribute 'limited_list'
ERROR 2026-02-22 19:47:05,555 log Internal Server Error: /api/public/10/0
Traceback (most recent call last):
  File "/home/ubuntu/senior/myenv/lib/python3.13/site-packages/django/core/handlers/exception.py", line 55, in inner
    response = get_response(request)
  File "/home/ubuntu/senior/myenv/lib/python3.13/site-packages/django/core/handlers/base.py", line 198, in _get_response
    response = wrapped_callback(request, *callback_args, **callback_kwargs)
  File "/home/ubuntu/senior/myenv/lib/python3.13/site-packages/django/views/decorators/csrf.py", line 65, in _view_wrapper
    return view_func(request, *args, **kwargs)
  File "/home/ubuntu/senior/myenv/lib/python3.13/site-packages/rest_framework/viewsets.py", line 117, in view
    handler = getattr(self, action)
AttributeError: 'PublicServiceViewSet' object has no attribute 'limited_list'
ERROR 2026-02-22 19:47:05,557 log "GET /api/public/10/0 HTTP/1.1" 500 18204
ERROR 2026-02-22 19:47:05,557 log "GET /api/public/10/0 HTTP/1.1" 500 18303
